<?xml version="1.0" encoding="UTF-8"?>
<testng-results ignored="0" total="1" passed="1" failed="0" skipped="0">
  <reporter-output>
  </reporter-output>
  <suite started-at="2018-12-02T17:00:13Z" name="Default suite" finished-at="2018-12-02T17:00:13Z" duration-ms="56">
    <groups>
    </groups>
    <test started-at="2018-12-02T17:00:13Z" name="Default test" finished-at="2018-12-02T17:00:13Z" duration-ms="56">
      <class name="com.maven.MavenTest">
        <test-method signature="hello()[pri:0, instance:com.maven.MavenTest@13b6aecc]" started-at="2018-12-02T17:00:13Z" name="hello" finished-at="2018-12-02T17:00:13Z" duration-ms="17" status="PASS">
          <reporter-output>
          </reporter-output>
        </test-method> <!-- hello -->
      </class> <!-- com.maven.MavenTest -->
    </test> <!-- Default test -->
  </suite> <!-- Default suite -->
</testng-results>
